<?xml version="1.0" encoding="UTF-8"?>
<!-- Generated by org.testng.reporters.JUnitReportReporter -->
<testsuite skipped="0" hostname="INSGH045PMS0" name="DemoEtEFlow.InOutbound.PageMrktEtoEFlowDmpRealTime" tests="1" failures="0" timestamp="2020-08-04T15:26:22 IST" time="239.632" errors="0">
  <testcase name="VerifyDMPrealtimerunSuccessfull" time="239.632" classname="DemoEtEFlow.InOutbound.PageMrktEtoEFlowDmpRealTime"/>
  <system-out/>
</testsuite> <!-- DemoEtEFlow.InOutbound.PageMrktEtoEFlowDmpRealTime -->
