<?xml version="1.0" encoding="UTF-8"?>
<!-- Generated by org.testng.reporters.JUnitReportReporter -->
<testsuite skipped="0" hostname="INSGH045PMS0" name="UnixAutoScripts.ChkFileExitsUnix" tests="1" failures="0" timestamp="2020-05-12T10:19:31 IST" time="3.864" errors="0">
  <testcase name="Filechkunix" time="3.864" classname="UnixAutoScripts.ChkFileExitsUnix"/>
  <system-out/>
</testsuite> <!-- UnixAutoScripts.ChkFileExitsUnix -->
