<?xml version="1.0" encoding="UTF-8"?>
<!-- Generated by org.testng.reporters.JUnitReportReporter -->
<testsuite skipped="0" hostname="INSGH045PMS0" name="DemoEtEFlow.InOutbound.Restfulrequest" tests="1" failures="0" timestamp="2020-08-07T16:44:55 IST" time="1.904" errors="0">
  <testcase name="Getresoponce" time="1.904" classname="DemoEtEFlow.InOutbound.Restfulrequest"/>
  <system-out/>
</testsuite> <!-- DemoEtEFlow.InOutbound.Restfulrequest -->
