<?xml version="1.0" encoding="UTF-8"?>
<!-- Generated by org.testng.reporters.JUnitReportReporter -->
<testsuite skipped="0" hostname="INSGH045PMS0" name="PegaAutoScripts.LoginPageTest" tests="3" failures="0" timestamp="2020-05-12T16:23:01 IST" time="35.604" errors="0">
  <testcase name="LoginPageTitleTest" time="8.763" classname="PegaAutoScripts.LoginPageTest"/>
  <system-out/>
  <testcase name="PegaLogoTest" time="8.155" classname="PegaAutoScripts.LoginPageTest"/>
  <system-out/>
  <testcase name="LoginTest" time="18.686" classname="PegaAutoScripts.LoginPageTest"/>
  <system-out/>
</testsuite> <!-- PegaAutoScripts.LoginPageTest -->
