<?xml version="1.0" encoding="UTF-8"?>
<!-- Generated by org.testng.reporters.JUnitReportReporter -->
<testsuite skipped="0" hostname="INSGH045PMS0" name="Demo.APIRestful.RestAPIGetCall" tests="2" failures="0" timestamp="2020-08-17T15:25:24 IST" time="4.709" errors="0">
  <testcase name="VerifyRESTAPIGETRequestResponseStatusCodeChkSuccessfully" time="3.586" classname="Demo.APIRestful.RestAPIGetCall"/>
  <system-out/>
  <testcase name="VerifyRESTAPIGETRequestResponseMessageSuccessfully" time="1.123" classname="Demo.APIRestful.RestAPIGetCall"/>
  <system-out/>
</testsuite> <!-- Demo.APIRestful.RestAPIGetCall -->
