<?xml version="1.0" encoding="UTF-8"?>
<!-- Generated by org.testng.reporters.JUnitReportReporter -->
<testsuite skipped="0" hostname="INSGH045PMS0" name="DemoEtEFlow.Testcase.PageMrktEtoEFlowPreCheckNBACamp" tests="1" failures="0" timestamp="2020-09-29T10:58:04 IST" time="117.615" errors="0">
  <testcase name="lunchChromBrowser" time="117.615" classname="DemoEtEFlow.Testcase.PageMrktEtoEFlowPreCheckNBACamp"/>
  <system-out/>
</testsuite> <!-- DemoEtEFlow.Testcase.PageMrktEtoEFlowPreCheckNBACamp -->
