<?xml version="1.0" encoding="UTF-8"?>
<!-- Generated by org.testng.reporters.JUnitReportReporter -->
<testsuite skipped="0" hostname="INSGH045PMS0" name="DemoEtEFlow.Testcase.PageMrktEtoEFlowTesttest3" tests="1" failures="0" timestamp="2020-09-09T10:50:59 IST" time="605.322" errors="0">
  <testcase name="NBABatchCampaignSuccessfull" time="605.322" classname="DemoEtEFlow.Testcase.PageMrktEtoEFlowTesttest3"/>
  <system-out/>
</testsuite> <!-- DemoEtEFlow.Testcase.PageMrktEtoEFlowTesttest3 -->
