<?xml version="1.0" encoding="UTF-8"?>
<!-- Generated by org.testng.reporters.JUnitReportReporter -->
<testsuite skipped="0" hostname="INSGH045PMS0" name="DemoEtEFlow.InOutbound.Restfulrequest" tests="1" failures="0" timestamp="2020-08-10T15:46:54 IST" time="2.234" errors="0">
  <testcase name="VerifyHitRESTfulGETRequestResponseSuccessfully" time="2.234" classname="DemoEtEFlow.InOutbound.Restfulrequest"/>
  <system-out/>
</testsuite> <!-- DemoEtEFlow.InOutbound.Restfulrequest -->
