<?xml version="1.0" encoding="UTF-8"?>
<!-- Generated by org.testng.reporters.JUnitReportReporter -->
<testsuite skipped="0" hostname="INSGH045PMS0" name="Mccm.UnixTest.ExecuteScript" tests="1" failures="0" timestamp="2020-07-21T17:56:53 IST" time="1.041" errors="0">
  <testcase name="unixscript" time="1.041" classname="Mccm.UnixTest.ExecuteScript"/>
  <system-out/>
</testsuite> <!-- Mccm.UnixTest.ExecuteScript -->
