<?xml version="1.0" encoding="UTF-8"?>
<!-- Generated by org.testng.reporters.JUnitReportReporter -->
<testsuite skipped="0" hostname="INSGH045PMS0" name="Demo.DBquery.DBValidationOutbound" tests="1" failures="0" timestamp="2020-09-07T16:52:48 IST" time="8.480" errors="0">
  <testcase name="VerifyDBValidationOutboundSuccessfull" time="8.480" classname="Demo.DBquery.DBValidationOutbound"/>
  <system-out/>
</testsuite> <!-- Demo.DBquery.DBValidationOutbound -->
