<?xml version="1.0" encoding="UTF-8"?>
<!-- Generated by org.testng.reporters.JUnitReportReporter -->
<testsuite skipped="0" hostname="INSGH045PMS0" name="Demo.DBquery.DB2ScaleQuery2" tests="1" failures="0" timestamp="2020-08-26T16:45:56 IST" time="5.838" errors="0">
  <testcase name="Verify2ScaleDBupdatedSuccessfully" time="5.838" classname="Demo.DBquery.DB2ScaleQuery2"/>
  <system-out/>
</testsuite> <!-- Demo.DBquery.DB2ScaleQuery2 -->
