<?xml version="1.0" encoding="UTF-8"?>
<!-- Generated by org.testng.reporters.JUnitReportReporter -->
<testsuite skipped="0" hostname="INSGH045PMS0" name="Jenkinstest" tests="1" failures="0" timestamp="2020-05-24T18:18:50 IST" time="0.011" errors="0">
  <testcase name="kenkintest" time="0.011" classname="Jenkinstest"/>
  <system-out/>
</testsuite> <!-- Jenkinstest -->
