<?xml version="1.0" encoding="UTF-8"?>
<!-- Generated by org.testng.reporters.JUnitReportReporter -->
<testsuite skipped="0" hostname="INSGH045PMS0" name="Mccm.Unix.Inbound.App_Inbound_KIASEPOS_Test" tests="1" failures="0" timestamp="2020-07-29T15:24:18 IST" time="14.800" errors="0">
  <testcase name="VerifyKIASEPOSFileLoadSuccessfully" time="14.800" classname="Mccm.Unix.Inbound.App_Inbound_KIASEPOS_Test"/>
  <system-out/>
</testsuite> <!-- Mccm.Unix.Inbound.App_Inbound_KIASEPOS_Test -->
