<?xml version="1.0" encoding="UTF-8"?>
<!-- Generated by org.testng.reporters.JUnitReportReporter -->
<testsuite skipped="0" hostname="INSGH045PMS0" name="Mccm.Pega.Outbound.PegaTest.LoginPageTest" tests="3" failures="0" timestamp="2020-07-29T17:01:40 IST" time="31.535" errors="0">
  <testcase name="VerifyLoginPageTitleTest" time="6.328" classname="Mccm.Pega.Outbound.PegaTest.LoginPageTest"/>
  <system-out/>
  <testcase name="VerifyPegaLogoTest" time="7.652" classname="Mccm.Pega.Outbound.PegaTest.LoginPageTest"/>
  <system-out/>
  <testcase name="VerifyLoginSuccessfulTest" time="17.555" classname="Mccm.Pega.Outbound.PegaTest.LoginPageTest"/>
  <system-out/>
</testsuite> <!-- Mccm.Pega.Outbound.PegaTest.LoginPageTest -->
