<?xml version="1.0" encoding="UTF-8"?>
<!-- Generated by org.testng.reporters.JUnitReportReporter -->
<testsuite skipped="0" hostname="INSGH045PMS0" name="UnixAutoScripts.AuthJshUnix" tests="1" failures="0" timestamp="2020-05-08T20:59:03 IST" time="5.004" errors="0">
  <testcase name="Jshconnectunix" time="5.004" classname="UnixAutoScripts.AuthJshUnix"/>
  <system-out/>
</testsuite> <!-- UnixAutoScripts.AuthJshUnix -->
