<?xml version="1.0" encoding="UTF-8"?>
<!-- Generated by org.testng.reporters.JUnitReportReporter -->
<testsuite skipped="0" hostname="INSGH045PMS0" name="DemoEtEFlow.PageDssEtoEFlow" tests="1" failures="0" timestamp="2020-06-25T17:15:31 IST" time="390.914" errors="0">
  <testcase name="lunchChromBrowser" time="390.914" classname="DemoEtEFlow.PageDssEtoEFlow"/>
  <system-out/>
</testsuite> <!-- DemoEtEFlow.PageDssEtoEFlow -->
