<?xml version="1.0" encoding="UTF-8"?>
<!-- Generated by org.testng.reporters.JUnitReportReporter -->
<testsuite skipped="0" hostname="INSGH045PMS0" name="Mccm.Pega.Outbound.PegaTest.LoginPageTest" tests="3" failures="0" timestamp="2020-07-29T17:43:57 IST" time="31.849" errors="0">
  <testcase name="VerifyLoginPageTitleTest" time="7.173" classname="Mccm.Pega.Outbound.PegaTest.LoginPageTest"/>
  <system-out/>
  <testcase name="VerifyPegaLogoTest" time="6.848" classname="Mccm.Pega.Outbound.PegaTest.LoginPageTest"/>
  <system-out/>
  <testcase name="VerifyLoginSuccessfulTest" time="17.828" classname="Mccm.Pega.Outbound.PegaTest.LoginPageTest"/>
  <system-out/>
</testsuite> <!-- Mccm.Pega.Outbound.PegaTest.LoginPageTest -->
