<?xml version="1.0" encoding="UTF-8"?>
<!-- Generated by org.testng.reporters.JUnitReportReporter -->
<testsuite skipped="0" hostname="INSGH045PMS0" name="DemoEtEFlow.Inbound.PageMrktEtoEFlowTest" tests="1" failures="0" timestamp="2020-07-27T11:16:23 IST" time="69.936" errors="0">
  <testcase name="NBABatchCampaignInboundSuccessfull" time="69.936" classname="DemoEtEFlow.Inbound.PageMrktEtoEFlowTest"/>
  <system-out/>
</testsuite> <!-- DemoEtEFlow.Inbound.PageMrktEtoEFlowTest -->
