<?xml version="1.0" encoding="UTF-8"?>
<!-- Generated by org.testng.reporters.JUnitReportReporter -->
<testsuite skipped="0" hostname="INSGH045PMS0" name="DemoEtEFlow.Testcase.PageMrktEtoEFlowPreCheckNBACamp" tests="1" failures="0" timestamp="2020-09-18T20:24:07 IST" time="132.450" errors="0">
  <testcase name="lunchChromBrowser" time="132.450" classname="DemoEtEFlow.Testcase.PageMrktEtoEFlowPreCheckNBACamp"/>
  <system-out/>
</testsuite> <!-- DemoEtEFlow.Testcase.PageMrktEtoEFlowPreCheckNBACamp -->
