<?xml version="1.0" encoding="UTF-8"?>
<!-- Generated by org.testng.reporters.JUnitReportReporter -->
<testsuite skipped="0" hostname="INSGH045PMS0" name="DemoEtEFlow.InOutbound.RestfulrequestTest2" tests="1" failures="0" timestamp="2020-08-10T20:18:43 IST" time="2.011" errors="0">
  <testcase name="VerifyHitRESTfulGETRequestResponseSuccessfully" time="2.011" classname="DemoEtEFlow.InOutbound.RestfulrequestTest2"/>
  <system-out/>
</testsuite> <!-- DemoEtEFlow.InOutbound.RestfulrequestTest2 -->
