<?xml version="1.0" encoding="UTF-8"?>
<!-- Generated by org.testng.reporters.JUnitReportReporter -->
<testsuite skipped="0" hostname="INSGH045PMS0" name="DemoEtEFlow.PageMrktEtoEFlowXpathLOGIC" tests="1" failures="0" timestamp="2020-07-20T11:56:20 IST" time="271.267" errors="0">
  <testcase name="NBABatchCampaignSuccessfull" time="271.267" classname="DemoEtEFlow.PageMrktEtoEFlowXpathLOGIC"/>
  <system-out/>
</testsuite> <!-- DemoEtEFlow.PageMrktEtoEFlowXpathLOGIC -->
