<?xml version="1.0" encoding="UTF-8"?>
<!-- Generated by org.testng.reporters.JUnitReportReporter -->
<testsuite skipped="0" hostname="INSGH045PMS0" name="Mccm.Pega.DMPRealTime.PegaTest.RestAPIGetCallTest" tests="2" failures="0" timestamp="2020-08-11T12:54:42 IST" time="5.586" errors="0">
  <testcase name="VerifyRESTAPIGETRequestResponseStatusCodeChkSuccessfully" time="3.550" classname="Mccm.Pega.DMPRealTime.PegaTest.RestAPIGetCallTest"/>
  <system-out/>
  <testcase name="VerifyRESTAPIGETRequestResponseMessageSuccessfully" time="2.036" classname="Mccm.Pega.DMPRealTime.PegaTest.RestAPIGetCallTest"/>
  <system-out/>
</testsuite> <!-- Mccm.Pega.DMPRealTime.PegaTest.RestAPIGetCallTest -->
