<?xml version="1.0" encoding="UTF-8"?>
<!-- Generated by org.testng.reporters.JUnitReportReporter -->
<testsuite skipped="0" hostname="INSGH045PMS0" name="DemoEtEFlow.Testcase.PageDssEtoEd_latestdataloadFlag" tests="1" failures="0" timestamp="2020-09-15T14:11:27 IST" time="84.935" errors="0">
  <testcase name="lunchChromBrowser" time="84.935" classname="DemoEtEFlow.Testcase.PageDssEtoEd_latestdataloadFlag"/>
  <system-out/>
</testsuite> <!-- DemoEtEFlow.Testcase.PageDssEtoEd_latestdataloadFlag -->
