<?xml version="1.0" encoding="UTF-8"?>
<!-- Generated by org.testng.reporters.JUnitReportReporter -->
<testsuite skipped="0" hostname="INSGH045PMS0" name="DemoEtEFlow.Testcase.PageDssEtoEBrowse" tests="1" failures="0" timestamp="2020-09-07T12:48:28 IST" time="368.678" errors="0">
  <testcase name="lunchChromBrowser" time="368.678" classname="DemoEtEFlow.Testcase.PageDssEtoEBrowse"/>
  <system-out/>
</testsuite> <!-- DemoEtEFlow.Testcase.PageDssEtoEBrowse -->
