<?xml version="1.0" encoding="UTF-8"?>
<!-- Generated by org.testng.reporters.JUnitReportReporter -->
<testsuite skipped="0" hostname="INSGH045PMS0" name="DemoEtEFlow.InOutbound.PageMrktEtoEFlowTest2aaaaa" tests="1" failures="0" timestamp="2020-08-06T11:02:41 IST" time="331.936" errors="0">
  <testcase name="NBABatchCampaignSuccessfull" time="331.936" classname="DemoEtEFlow.InOutbound.PageMrktEtoEFlowTest2aaaaa"/>
  <system-out/>
</testsuite> <!-- DemoEtEFlow.InOutbound.PageMrktEtoEFlowTest2aaaaa -->
