<?xml version="1.0" encoding="UTF-8"?>
<!-- Generated by org.testng.reporters.JUnitReportReporter -->
<testsuite skipped="0" hostname="INSGH045PMS0" name="Mccm.Pega.Outbound.PegaTest.LoginPageTest" tests="3" failures="0" timestamp="2020-08-05T18:33:04 IST" time="39.519" errors="0">
  <testcase name="VerifyLoginPageTitleTest" time="7.337" classname="Mccm.Pega.Outbound.PegaTest.LoginPageTest"/>
  <system-out/>
  <testcase name="VerifyPegaLogoTest" time="9.328" classname="Mccm.Pega.Outbound.PegaTest.LoginPageTest"/>
  <system-out/>
  <testcase name="VerifyLoginSuccessfulTest" time="22.854" classname="Mccm.Pega.Outbound.PegaTest.LoginPageTest"/>
  <system-out/>
</testsuite> <!-- Mccm.Pega.Outbound.PegaTest.LoginPageTest -->
