<?xml version="1.0" encoding="UTF-8"?>
<!-- Generated by org.testng.reporters.JUnitReportReporter -->
<testsuite skipped="0" hostname="INSGH045PMS0" name="Demo.DBquery.DB2ScaleQuery" tests="1" failures="0" timestamp="2020-08-20T19:27:50 IST" time="2.269" errors="0">
  <testcase name="Verify2ScaleDBupdatedSuccessfully" time="2.269" classname="Demo.DBquery.DB2ScaleQuery"/>
  <system-out/>
</testsuite> <!-- Demo.DBquery.DB2ScaleQuery -->
