<?xml version="1.0" encoding="UTF-8"?>
<!-- Generated by org.testng.reporters.JUnitReportReporter -->
<testsuite skipped="0" hostname="INSGH045PMS0" name="Mccm.Pega.DMP.RealTime.RestfulGETrequest" tests="1" failures="0" timestamp="2020-08-07T18:53:02 IST" time="2.172" errors="0">
  <testcase name="VerifyHitRESTfulGETRequestResponseSuccessfully" time="2.172" classname="Mccm.Pega.DMP.RealTime.RestfulGETrequest"/>
  <system-out/>
</testsuite> <!-- Mccm.Pega.DMP.RealTime.RestfulGETrequest -->
