<?xml version="1.0" encoding="UTF-8"?>
<!-- Generated by org.testng.reporters.JUnitReportReporter -->
<testsuite skipped="0" hostname="INSGH045PMS0" name="DemoEtEFlow.Testcase.Page2ScaleDssStudio" tests="1" failures="0" timestamp="2020-08-25T11:58:58 IST" time="109.766" errors="0">
  <testcase name="NBABatchCampaignInboundSuccessfull" time="109.766" classname="DemoEtEFlow.Testcase.Page2ScaleDssStudio"/>
  <system-out/>
</testsuite> <!-- DemoEtEFlow.Testcase.Page2ScaleDssStudio -->
