<?xml version="1.0" encoding="UTF-8"?>
<!-- Generated by org.testng.reporters.JUnitReportReporter -->
<testsuite skipped="0" hostname="INSGH045PMS0" name="Mccm.PegaMain.PageAppEndToEndFlow" tests="1" failures="0" timestamp="2020-06-04T11:19:14 IST" time="935.896" errors="0">
  <testcase name="RunNBACampaignEndToEndFlow" time="935.896" classname="Mccm.PegaMain.PageAppEndToEndFlow"/>
  <system-out/>
</testsuite> <!-- Mccm.PegaMain.PageAppEndToEndFlow -->
