<?xml version="1.0" encoding="UTF-8"?>
<!-- Generated by org.testng.reporters.JUnitReportReporter -->
<testsuite skipped="0" hostname="INSGH045PMS0" name="Mccm.Unix.Inbound.FileExistChk_Inbound_OnlineShop" tests="1" failures="0" timestamp="2020-07-29T19:37:09 IST" time="16.595" errors="0">
  <testcase name="VerifyONLINESHOPFileLoadSuccessfully" time="16.595" classname="Mccm.Unix.Inbound.FileExistChk_Inbound_OnlineShop"/>
  <system-out/>
</testsuite> <!-- Mccm.Unix.Inbound.FileExistChk_Inbound_OnlineShop -->
