<?xml version="1.0" encoding="UTF-8"?>
<!-- Generated by org.testng.reporters.JUnitReportReporter -->
<testsuite skipped="0" hostname="INSGH045PMS0" name="DemoEtEFlow.InOutbound.RestfulrequestTest1" tests="1" failures="0" timestamp="2020-08-13T14:27:06 IST" time="1.589" errors="0">
  <testcase name="VerifyHitRESTfulGETRequestResponseSuccessfully" time="1.589" classname="DemoEtEFlow.InOutbound.RestfulrequestTest1"/>
  <system-out/>
</testsuite> <!-- DemoEtEFlow.InOutbound.RestfulrequestTest1 -->
