<?xml version="1.0" encoding="UTF-8"?>
<!-- Generated by org.testng.reporters.JUnitReportReporter -->
<testsuite skipped="0" hostname="INSGH045PMS0" name="DemoEtEFlow.Testcase.PageDssEtoEGetDataExtractDetails" tests="1" failures="0" timestamp="2020-09-15T18:46:44 IST" time="145.403" errors="0">
  <testcase name="lunchChromBrowser" time="145.403" classname="DemoEtEFlow.Testcase.PageDssEtoEGetDataExtractDetails"/>
  <system-out/>
</testsuite> <!-- DemoEtEFlow.Testcase.PageDssEtoEGetDataExtractDetails -->
