<?xml version="1.0" encoding="UTF-8"?>
<!-- Generated by org.testng.reporters.JUnitReportReporter -->
<testsuite skipped="0" hostname="INSGH045PMS0" name="Mccm.Pega.DMPRealTime.PegaTest.DMPRTPNBAMobHash" tests="1" failures="0" timestamp="2020-09-17T15:56:01 IST" time="22.151" errors="0">
  <testcase name="VerifyDMPRTPNBAMobHashedAPIcallSuccessfully" time="22.151" classname="Mccm.Pega.DMPRealTime.PegaTest.DMPRTPNBAMobHash"/>
  <system-out/>
</testsuite> <!-- Mccm.Pega.DMPRealTime.PegaTest.DMPRTPNBAMobHash -->
