<?xml version="1.0" encoding="UTF-8"?>
<!-- Generated by org.testng.reporters.JUnitReportReporter -->
<testsuite skipped="0" hostname="INSGH045PMS0" name="DemoEtEFlow.PageMrktEtoEFlowTEST3" tests="1" failures="0" timestamp="2020-07-02T21:04:02 IST" time="518.524" errors="0">
  <testcase name="NBABatchCampaignSuccessfull" time="518.524" classname="DemoEtEFlow.PageMrktEtoEFlowTEST3"/>
  <system-out/>
</testsuite> <!-- DemoEtEFlow.PageMrktEtoEFlowTEST3 -->
