<?xml version="1.0" encoding="UTF-8"?>
<!-- Generated by org.testng.reporters.JUnitReportReporter -->
<testsuite skipped="0" hostname="INSGH045PMS0" name="Mccm.Unix.Inbound.DMP.App_Inbound_DMP_Test" tests="1" failures="0" timestamp="2020-07-29T15:55:47 IST" time="14.274" errors="0">
  <testcase name="VerifyDMPFileLoadSuccessfully" time="14.274" classname="Mccm.Unix.Inbound.DMP.App_Inbound_DMP_Test"/>
  <system-out/>
</testsuite> <!-- Mccm.Unix.Inbound.DMP.App_Inbound_DMP_Test -->
