<?xml version="1.0" encoding="UTF-8"?>
<!-- Generated by org.testng.reporters.JUnitReportReporter -->
<testsuite skipped="0" hostname="INSGH045PMS0" name="Mccm.Pega.DMPRealTime.PegaTest.RestfulGETrequestTest" tests="1" failures="0" timestamp="2020-08-07T18:11:32 IST" time="2.367" errors="0">
  <testcase name="VerifyHitRESTfulGETRequestResoponceSuccessfully" time="2.367" classname="Mccm.Pega.DMPRealTime.PegaTest.RestfulGETrequestTest"/>
  <system-out/>
</testsuite> <!-- Mccm.Pega.DMPRealTime.PegaTest.RestfulGETrequestTest -->
