<?xml version="1.0" encoding="UTF-8"?>
<!-- Generated by org.testng.reporters.JUnitReportReporter -->
<testsuite skipped="0" hostname="INSGH045PMS0" name="Demo.APIRestful.RestfulrequestTest1" tests="1" failures="0" timestamp="2020-08-24T16:09:24 IST" time="1.957" errors="0">
  <testcase name="VerifyHitRESTfulGETRequestResponseSuccessfully" time="1.957" classname="Demo.APIRestful.RestfulrequestTest1"/>
  <system-out/>
</testsuite> <!-- Demo.APIRestful.RestfulrequestTest1 -->
