<?xml version="1.0" encoding="UTF-8"?>
<!-- Generated by org.testng.reporters.JUnitReportReporter -->
<testsuite skipped="0" hostname="INSGH045PMS0" name="Demo.APIRestful.RestAPIGetCallPost" tests="2" failures="0" timestamp="2020-08-17T16:53:45 IST" time="5.329" errors="0">
  <testcase name="VerifyRESTAPIGETRequestResponseStatusCodeChkSuccessfully" time="3.519" classname="Demo.APIRestful.RestAPIGetCallPost"/>
  <system-out/>
  <testcase name="VerifyRESTAPIGETRequestResponseMessageSuccessfully" time="1.810" classname="Demo.APIRestful.RestAPIGetCallPost"/>
  <system-out/>
</testsuite> <!-- Demo.APIRestful.RestAPIGetCallPost -->
