<?xml version="1.0" encoding="UTF-8"?>
<!-- Generated by org.testng.reporters.JUnitReportReporter -->
<testsuite skipped="0" hostname="INSGH045PMS0" name="DemoEtEFlow.Testcase.PageMrktEtoEFlowRSheduleOtbd" tests="1" failures="0" timestamp="2020-09-16T15:36:52 IST" time="220.833" errors="0">
  <testcase name="NBABatchCampaignSuccessfull" time="220.833" classname="DemoEtEFlow.Testcase.PageMrktEtoEFlowRSheduleOtbd"/>
  <system-out/>
</testsuite> <!-- DemoEtEFlow.Testcase.PageMrktEtoEFlowRSheduleOtbd -->
