<?xml version="1.0" encoding="UTF-8"?>
<!-- Generated by org.testng.reporters.JUnitReportReporter -->
<testsuite skipped="0" hostname="INSGH045PMS0" name="DemoEtEFlow.InOutbound.RestAPIGetCall" tests="2" failures="0" timestamp="2020-08-13T20:14:32 IST" time="5.679" errors="0">
  <testcase name="VerifyRESTAPIGETRequestResponseStatusCodeChkSuccessfully" time="3.956" classname="DemoEtEFlow.InOutbound.RestAPIGetCall"/>
  <system-out/>
  <testcase name="VerifyRESTAPIGETRequestResponseMessageSuccessfully" time="1.723" classname="DemoEtEFlow.InOutbound.RestAPIGetCall"/>
  <system-out/>
</testsuite> <!-- DemoEtEFlow.InOutbound.RestAPIGetCall -->
