<?xml version="1.0" encoding="UTF-8"?>
<!-- Generated by org.testng.reporters.JUnitReportReporter -->
<testsuite skipped="0" hostname="INSGH045PMS0" name="DemoEtEFlow.Testcase.PageDssEtoETruncateMLChaSna" tests="1" failures="0" timestamp="2020-09-07T12:55:54 IST" time="140.524" errors="0">
  <testcase name="lunchChromBrowser" time="140.524" classname="DemoEtEFlow.Testcase.PageDssEtoETruncateMLChaSna"/>
  <system-out/>
</testsuite> <!-- DemoEtEFlow.Testcase.PageDssEtoETruncateMLChaSna -->
