<?xml version="1.0" encoding="UTF-8"?>
<!-- Generated by org.testng.reporters.JUnitReportReporter -->
<testsuite skipped="0" hostname="INSGH045PMS0" name="Mccm.PegaTest.Outbound.LoginPageTest" tests="3" failures="0" timestamp="2020-07-20T13:33:05 IST" time="28.706" errors="0">
  <testcase name="VerifyLoginPageTitleTest" time="8.149" classname="Mccm.PegaTest.Outbound.LoginPageTest"/>
  <system-out/>
  <testcase name="VerifyPegaLogoTest" time="6.843" classname="Mccm.PegaTest.Outbound.LoginPageTest"/>
  <system-out/>
  <testcase name="VerifyLoginSuccessfulTest" time="13.714" classname="Mccm.PegaTest.Outbound.LoginPageTest"/>
  <system-out/>
</testsuite> <!-- Mccm.PegaTest.Outbound.LoginPageTest -->
