<?xml version="1.0" encoding="UTF-8"?>
<!-- Generated by org.testng.reporters.JUnitReportReporter -->
<testsuite skipped="0" hostname="INSGH045PMS0" name="Mccm.Pega.Outbound.PegaTest.LoginPageTest" tests="3" failures="0" timestamp="2020-07-20T15:08:35 IST" time="31.979" errors="0">
  <testcase name="VerifyLoginPageTitleTest" time="11.101" classname="Mccm.Pega.Outbound.PegaTest.LoginPageTest"/>
  <system-out/>
  <testcase name="VerifyPegaLogoTest" time="6.319" classname="Mccm.Pega.Outbound.PegaTest.LoginPageTest"/>
  <system-out/>
  <testcase name="VerifyLoginSuccessfulTest" time="14.559" classname="Mccm.Pega.Outbound.PegaTest.LoginPageTest"/>
  <system-out/>
</testsuite> <!-- Mccm.Pega.Outbound.PegaTest.LoginPageTest -->
