<?xml version="1.0" encoding="UTF-8"?>
<!-- Generated by org.testng.reporters.JUnitReportReporter -->
<testsuite skipped="0" hostname="INSGH045PMS0" name="DemoEtEFlow.InOutbound.Raghva1" tests="2" failures="0" timestamp="2020-08-10T21:23:34 IST" time="10.749" errors="0">
  <testcase name="VerifyHitRESTfulGETRequestResponseSuccessfully" time="3.987" classname="DemoEtEFlow.InOutbound.Raghva1"/>
  <system-out/>
  <testcase name="test3" time="6.762" classname="DemoEtEFlow.InOutbound.Raghva1"/>
  <system-out/>
</testsuite> <!-- DemoEtEFlow.InOutbound.Raghva1 -->
