<?xml version="1.0" encoding="UTF-8"?>
<!-- Generated by org.testng.reporters.JUnitReportReporter -->
<testsuite skipped="0" hostname="INSGH045PMS0" name="Mccm.PegaMain.PegaMarketingonescript" tests="1" failures="0" timestamp="2020-06-01T10:43:57 IST" time="573.035" errors="0">
  <testcase name="lunchChromBrowser" time="573.035" classname="Mccm.PegaMain.PegaMarketingonescript"/>
  <system-out/>
</testsuite> <!-- Mccm.PegaMain.PegaMarketingonescript -->
