<?xml version="1.0" encoding="UTF-8"?>
<!-- Generated by org.testng.reporters.JUnitReportReporter -->
<testsuite skipped="0" hostname="INSGH045PMS0" name="Mccm.Unix.Inbound.FileExistChk_Inbound_DMP" tests="1" failures="0" timestamp="2020-07-29T18:50:57 IST" time="15.530" errors="0">
  <testcase name="VerifyDMPFileLoadSuccessfully" time="15.530" classname="Mccm.Unix.Inbound.FileExistChk_Inbound_DMP"/>
  <system-out/>
</testsuite> <!-- Mccm.Unix.Inbound.FileExistChk_Inbound_DMP -->
