<?xml version="1.0" encoding="UTF-8"?>
<!-- Generated by org.testng.reporters.JUnitReportReporter -->
<testsuite skipped="0" hostname="INSGH045PMS0" name="DemoEtEFlow.Testcase.PageDssEtoEtest" tests="1" failures="0" timestamp="2020-09-07T12:02:08 IST" time="144.223" errors="0">
  <testcase name="lunchChromBrowser" time="144.223" classname="DemoEtEFlow.Testcase.PageDssEtoEtest"/>
  <system-out/>
</testsuite> <!-- DemoEtEFlow.Testcase.PageDssEtoEtest -->
