<?xml version="1.0" encoding="UTF-8"?>
<!-- Generated by org.testng.reporters.JUnitReportReporter -->
<testsuite skipped="0" hostname="INSGH045PMS0" name="Mccm.Pega.Outbound.PegaTest.LoginPageTest" tests="3" failures="0" timestamp="2020-09-24T10:35:02 IST" time="44.925" errors="0">
  <testcase name="VerifyLoginPageTitleTest" time="11.130" classname="Mccm.Pega.Outbound.PegaTest.LoginPageTest"/>
  <system-out/>
  <testcase name="VerifyPegaLogoTest" time="9.127" classname="Mccm.Pega.Outbound.PegaTest.LoginPageTest"/>
  <system-out/>
  <testcase name="VerifyLoginSuccessfulTest" time="24.668" classname="Mccm.Pega.Outbound.PegaTest.LoginPageTest"/>
  <system-out/>
</testsuite> <!-- Mccm.Pega.Outbound.PegaTest.LoginPageTest -->
