<?xml version="1.0" encoding="UTF-8"?>
<!-- Generated by org.testng.reporters.JUnitReportReporter -->
<testsuite skipped="0" hostname="INSGH045PMS0" name="test" tests="1" failures="0" timestamp="2020-05-06T15:49:20 IST" time="0.011" errors="0">
  <testcase name="f1" time="0.011" classname="test"/>
  <system-out/>
</testsuite> <!-- test -->
