<?xml version="1.0" encoding="UTF-8"?>
<!-- Generated by org.testng.reporters.JUnitReportReporter -->
<testsuite skipped="0" hostname="INSGH045PMS0" name="DemoEtEFlow.InOutbound.RestAPIGetCall" tests="2" failures="0" timestamp="2020-08-11T13:17:58 IST" time="4.628" errors="0">
  <testcase name="VerifyRESTAPIGETRequestResponseStatusCodeChkSuccessfully" time="3.220" classname="DemoEtEFlow.InOutbound.RestAPIGetCall"/>
  <system-out/>
  <testcase name="VerifyRESTAPIGETRequestResponseMessageSuccessfully" time="1.408" classname="DemoEtEFlow.InOutbound.RestAPIGetCall"/>
  <system-out/>
</testsuite> <!-- DemoEtEFlow.InOutbound.RestAPIGetCall -->
