<?xml version="1.0" encoding="UTF-8"?>
<!-- Generated by org.testng.reporters.JUnitReportReporter -->
<testsuite skipped="0" hostname="INSGH045PMS0" name="Pega.HomePageLogin" tests="1" failures="0" timestamp="2020-05-12T15:59:13 IST" time="13.034" errors="0">
  <testcase name="lunchChromBrowser" time="13.034" classname="Pega.HomePageLogin"/>
  <system-out/>
</testsuite> <!-- Pega.HomePageLogin -->
