<?xml version="1.0" encoding="UTF-8"?>
<!-- Generated by org.testng.reporters.JUnitReportReporter -->
<testsuite skipped="0" hostname="INSGH045PMS0" name="DemoEtEFlow.Testcase.PageDssEtoEBrowseMLChaSna" tests="1" failures="0" timestamp="2020-09-07T13:04:04 IST" time="370.380" errors="0">
  <testcase name="lunchChromBrowser" time="370.380" classname="DemoEtEFlow.Testcase.PageDssEtoEBrowseMLChaSna"/>
  <system-out/>
</testsuite> <!-- DemoEtEFlow.Testcase.PageDssEtoEBrowseMLChaSna -->
