<?xml version="1.0" encoding="UTF-8"?>
<!-- Generated by org.testng.reporters.JUnitReportReporter -->
<testsuite skipped="0" hostname="INSGH045PMS0" name="Mccm.Pega.Inbound.PegaTest.PegamarktIntrctnHistoryTest" tests="1" failures="0" timestamp="2020-07-29T18:03:07 IST" time="67.285" errors="0">
  <testcase name="VerifyIntractionHistoryRunSuccessfully" time="67.285" classname="Mccm.Pega.Inbound.PegaTest.PegamarktIntrctnHistoryTest"/>
  <system-out/>
</testsuite> <!-- Mccm.Pega.Inbound.PegaTest.PegamarktIntrctnHistoryTest -->
