<?xml version="1.0" encoding="UTF-8"?>
<!-- Generated by org.testng.reporters.JUnitReportReporter -->
<testsuite skipped="0" hostname="INSGH045PMS0" name="Mccm.UnixTest.AuthJshUnix" tests="1" failures="0" timestamp="2020-06-09T14:48:46 IST" time="3.286" errors="0">
  <testcase name="Jshconnectunix" time="3.286" classname="Mccm.UnixTest.AuthJshUnix"/>
  <system-out/>
</testsuite> <!-- Mccm.UnixTest.AuthJshUnix -->
