<?xml version="1.0" encoding="UTF-8"?>
<!-- Generated by org.testng.reporters.JUnitReportReporter -->
<testsuite skipped="0" hostname="INSGH045PMS0" name="Demo.APIRestful.DemoDMPRTProcessOfferResult" tests="1" failures="0" timestamp="2020-09-04T12:39:53 IST" time="4.420" errors="0">
  <testcase name="test" time="4.420" classname="Demo.APIRestful.DemoDMPRTProcessOfferResult"/>
  <system-out/>
</testsuite> <!-- Demo.APIRestful.DemoDMPRTProcessOfferResult -->
