<?xml version="1.0" encoding="UTF-8"?>
<!-- Generated by org.testng.reporters.JUnitReportReporter -->
<testsuite skipped="0" hostname="INSGH045PMS0" name="Mccm.Pega.Outbound.PegaTest.PegamarktingTest" tests="1" failures="0" timestamp="2020-09-22T18:42:29 IST" time="778.203" errors="0">
  <testcase name="VerifyNBACampaignRunSuccessfully" time="778.203" classname="Mccm.Pega.Outbound.PegaTest.PegamarktingTest"/>
  <system-out/>
</testsuite> <!-- Mccm.Pega.Outbound.PegaTest.PegamarktingTest -->
