<?xml version="1.0" encoding="UTF-8"?>
<!-- Generated by org.testng.reporters.JUnitReportReporter -->
<testsuite skipped="0" hostname="INSGH045PMS0" name="Mccm.Pega.Outbound.PegaTest.ExtractChannelFileTest" tests="1" failures="0" timestamp="2020-09-23T15:10:30 IST" time="191.424" errors="0">
  <testcase name="VerifyDBConfigurationSuccessfully" time="191.424" classname="Mccm.Pega.Outbound.PegaTest.ExtractChannelFileTest"/>
  <system-out/>
</testsuite> <!-- Mccm.Pega.Outbound.PegaTest.ExtractChannelFileTest -->
