<?xml version="1.0" encoding="UTF-8"?>
<!-- Generated by org.testng.reporters.JUnitReportReporter -->
<testsuite skipped="0" hostname="INSGH045PMS0" name="Mccm.Pega.Inbound.PegaTest.PegamarktIntrctnHistoryTest" tests="1" failures="0" timestamp="2020-08-24T16:25:48 IST" time="71.784" errors="0">
  <testcase name="VerifyIntractionHistoryRunSuccessfully" time="71.784" classname="Mccm.Pega.Inbound.PegaTest.PegamarktIntrctnHistoryTest"/>
  <system-out/>
</testsuite> <!-- Mccm.Pega.Inbound.PegaTest.PegamarktIntrctnHistoryTest -->
