<?xml version="1.0" encoding="UTF-8"?>
<!-- Generated by org.testng.reporters.JUnitReportReporter -->
<testsuite skipped="0" hostname="INSGH045PMS0" name="DemoEtEFlow.Testcase.PageMrktEtoEFlowRSheduleOtbd" tests="1" failures="0" timestamp="2020-09-28T18:54:30 IST" time="476.781" errors="0">
  <testcase name="NBABatchCampaignSuccessfull" time="476.781" classname="DemoEtEFlow.Testcase.PageMrktEtoEFlowRSheduleOtbd"/>
  <system-out/>
</testsuite> <!-- DemoEtEFlow.Testcase.PageMrktEtoEFlowRSheduleOtbd -->
