<?xml version="1.0" encoding="UTF-8"?>
<!-- Generated by org.testng.reporters.JUnitReportReporter -->
<testsuite skipped="0" hostname="INSGH045PMS0" name="DemoEtEFlow.Testcase.PageMrktEtoEFlowFinalAll" tests="1" failures="0" timestamp="2020-09-28T14:19:36 IST" time="600.043" errors="0">
  <testcase name="NBABatchCampaignSuccessfull" time="600.043" classname="DemoEtEFlow.Testcase.PageMrktEtoEFlowFinalAll"/>
  <system-out/>
</testsuite> <!-- DemoEtEFlow.Testcase.PageMrktEtoEFlowFinalAll -->
