<?xml version="1.0" encoding="UTF-8"?>
<!-- Generated by org.testng.reporters.JUnitReportReporter -->
<testsuite skipped="0" hostname="INSGH045PMS0" name="DemoEtEFlow.Testcase.PageDssEtoEBrowseMccmoutbound" tests="1" failures="0" timestamp="2020-09-07T16:26:12 IST" time="375.193" errors="0">
  <testcase name="lunchChromBrowser" time="375.193" classname="DemoEtEFlow.Testcase.PageDssEtoEBrowseMccmoutbound"/>
  <system-out/>
</testsuite> <!-- DemoEtEFlow.Testcase.PageDssEtoEBrowseMccmoutbound -->
