<?xml version="1.0" encoding="UTF-8"?>
<!-- Generated by org.testng.reporters.JUnitReportReporter -->
<testsuite skipped="0" hostname="INSGH045PMS0" name="Mccm.Pega.Outbound.PegaTest.ExtractChannelFileTest" tests="1" failures="0" timestamp="2020-09-24T20:31:46 IST" time="195.992" errors="0">
  <testcase name="VerifyExtractChannelFileCheckSuccessfully" time="195.992" classname="Mccm.Pega.Outbound.PegaTest.ExtractChannelFileTest"/>
  <system-out/>
</testsuite> <!-- Mccm.Pega.Outbound.PegaTest.ExtractChannelFileTest -->
