<?xml version="1.0" encoding="UTF-8"?>
<!-- Generated by org.testng.reporters.JUnitReportReporter -->
<testsuite skipped="0" hostname="INSGH045PMS0" name="Mccm.PegaMain.PegaMarketing" tests="1" failures="0" timestamp="2020-05-29T09:29:40 IST" time="473.989" errors="0">
  <testcase name="lunchChromBrowser" time="473.989" classname="Mccm.PegaMain.PegaMarketing"/>
  <system-out/>
</testsuite> <!-- Mccm.PegaMain.PegaMarketing -->
