<?xml version="1.0" encoding="UTF-8"?>
<!-- Generated by org.testng.reporters.JUnitReportReporter -->
<testsuite skipped="0" hostname="INSGH045PMS0" name="Mccm.Pega.DMP.RealTime.Restfulrequest" tests="1" failures="0" timestamp="2020-08-07T18:01:31 IST" time="1.987" errors="0">
  <testcase name="VerifyHitRESTfulGETRequestResoponceSuccessfully" time="1.987" classname="Mccm.Pega.DMP.RealTime.Restfulrequest"/>
  <system-out/>
</testsuite> <!-- Mccm.Pega.DMP.RealTime.Restfulrequest -->
