<?xml version="1.0" encoding="UTF-8"?>
<!-- Generated by org.testng.reporters.JUnitReportReporter -->
<testsuite skipped="0" hostname="INSGH045PMS0" name="Mccm.PegaTest.HomePageTest" tests="1" failures="0" timestamp="2020-07-14T11:34:59 IST" time="343.366" errors="0">
  <testcase name="VerifyDynamicSystemSettingSuccessfully" time="343.366" classname="Mccm.PegaTest.HomePageTest"/>
  <system-out/>
</testsuite> <!-- Mccm.PegaTest.HomePageTest -->
