<?xml version="1.0" encoding="UTF-8"?>
<!-- Generated by org.testng.reporters.JUnitReportReporter -->
<testsuite skipped="0" hostname="INSGH045PMS0" name="Mccm.PegaMain.PageDSSonescript" tests="1" failures="0" timestamp="2020-06-02T18:25:22 IST" time="389.302" errors="0">
  <testcase name="lunchChromBrowser" time="389.302" classname="Mccm.PegaMain.PageDSSonescript"/>
  <system-out/>
</testsuite> <!-- Mccm.PegaMain.PageDSSonescript -->
