<?xml version="1.0" encoding="UTF-8"?>
<!-- Generated by org.testng.reporters.JUnitReportReporter -->
<testsuite skipped="0" hostname="INSGH045PMS0" name="DemoEtEFlow.InOutbound.RestfulrequestTest1" tests="1" failures="0" timestamp="2020-08-10T15:17:45 IST" time="2.176" errors="0">
  <testcase name="VerifyHitRESTfulGETRequestResponseSuccessfully" time="2.176" classname="DemoEtEFlow.InOutbound.RestfulrequestTest1"/>
  <system-out/>
</testsuite> <!-- DemoEtEFlow.InOutbound.RestfulrequestTest1 -->
