<?xml version="1.0" encoding="UTF-8"?>
<!-- Generated by org.testng.reporters.JUnitReportReporter -->
<testsuite skipped="0" hostname="INSGH045PMS0" name="Mccm.UnixTest.ChkFileExitsUnix" tests="1" failures="0" timestamp="2020-06-09T14:55:18 IST" time="4.005" errors="0">
  <testcase name="Filechkunix" time="4.005" classname="Mccm.UnixTest.ChkFileExitsUnix"/>
  <system-out/>
</testsuite> <!-- Mccm.UnixTest.ChkFileExitsUnix -->
