<?xml version="1.0" encoding="UTF-8"?>
<!-- Generated by org.testng.reporters.JUnitReportReporter -->
<testsuite skipped="0" hostname="INSGH045PMS0" name="DemoEtEFlow.InOutbound.RestfulrequestTest3" tests="1" failures="0" timestamp="2020-08-10T15:16:57 IST" time="2.062" errors="0">
  <testcase name="VerifyHitRESTfulGETRequestResponseSuccessfully" time="2.062" classname="DemoEtEFlow.InOutbound.RestfulrequestTest3"/>
  <system-out/>
</testsuite> <!-- DemoEtEFlow.InOutbound.RestfulrequestTest3 -->
