<?xml version="1.0" encoding="UTF-8"?>
<!-- Generated by org.testng.reporters.JUnitReportReporter -->
<testsuite skipped="0" hostname="INSGH045PMS0" name="Mccm.Pega.Outbound.PegaTest.HomePageTest" tests="1" failures="0" timestamp="2020-09-24T10:09:30 IST" time="360.566" errors="0">
  <testcase name="VerifyDynamicSystemSettingSuccessfully" time="360.566" classname="Mccm.Pega.Outbound.PegaTest.HomePageTest"/>
  <system-out/>
</testsuite> <!-- Mccm.Pega.Outbound.PegaTest.HomePageTest -->
