<?xml version="1.0" encoding="UTF-8"?>
<!-- Generated by org.testng.reporters.JUnitReportReporter -->
<testsuite skipped="0" hostname="INSGH045PMS0" name="Mccm.Pega.DMP.RealTime.RestfulGETrequest" tests="1" failures="0" timestamp="2020-08-11T12:51:31 IST" time="1.996" errors="0">
  <testcase name="VerifyHitRESTfulGETRequestResponseSuccessfully" time="1.996" classname="Mccm.Pega.DMP.RealTime.RestfulGETrequest"/>
  <system-out/>
</testsuite> <!-- Mccm.Pega.DMP.RealTime.RestfulGETrequest -->
