<?xml version="1.0" encoding="UTF-8"?>
<!-- Generated by org.testng.reporters.JUnitReportReporter -->
<testsuite skipped="0" hostname="INSGH045PMS0" name="DemoEtEFlow.Testcase.PageMrktEtoEFlowNBAChk1" tests="1" failures="0" timestamp="2020-09-29T12:59:53 IST" time="47.273" errors="0">
  <testcase name="NBACampValueTestSuccessfull" time="47.273" classname="DemoEtEFlow.Testcase.PageMrktEtoEFlowNBAChk1"/>
  <system-out/>
</testsuite> <!-- DemoEtEFlow.Testcase.PageMrktEtoEFlowNBAChk1 -->
