<?xml version="1.0" encoding="UTF-8"?>
<!-- Generated by org.testng.reporters.JUnitReportReporter -->
<testsuite skipped="0" hostname="INSGH045PMS0" name="Mccm.RESTful.APICall.DMPRTPNBAMobHashTestExcel" tests="1" failures="0" timestamp="2020-09-02T17:11:46 IST" time="3.195" errors="0">
  <testcase name="VerifyDMPRTPNBAMobHashedAPIcallSuccessfully" time="3.195" classname="Mccm.RESTful.APICall.DMPRTPNBAMobHashTestExcel"/>
  <system-out/>
</testsuite> <!-- Mccm.RESTful.APICall.DMPRTPNBAMobHashTestExcel -->
