<?xml version="1.0" encoding="UTF-8"?>
<!-- Generated by org.testng.reporters.JUnitReportReporter -->
<testsuite skipped="0" hostname="INSGH045PMS0" name="DemoEtEFlow.Testcase.PageMrktEtoEFlowNBAChk" tests="1" failures="0" timestamp="2020-09-29T19:43:00 IST" time="92.133" errors="0">
  <testcase name="NBACampValueTestSuccessfull" time="92.133" classname="DemoEtEFlow.Testcase.PageMrktEtoEFlowNBAChk"/>
  <system-out/>
</testsuite> <!-- DemoEtEFlow.Testcase.PageMrktEtoEFlowNBAChk -->
