<?xml version="1.0" encoding="UTF-8"?>
<!-- Generated by org.testng.reporters.JUnitReportReporter -->
<testsuite skipped="0" hostname="INSGH045PMS0" name="DemoEtEFlow.Testcase.PageDssEtoEFlow" tests="1" failures="0" timestamp="2020-09-04T14:54:36 IST" time="418.758" errors="0">
  <testcase name="lunchChromBrowser" time="418.758" classname="DemoEtEFlow.Testcase.PageDssEtoEFlow"/>
  <system-out/>
</testsuite> <!-- DemoEtEFlow.Testcase.PageDssEtoEFlow -->
