<?xml version="1.0" encoding="UTF-8"?>
<!-- Generated by org.testng.reporters.JUnitReportReporter -->
<testsuite skipped="0" hostname="INSGH045PMS0" name="Mccm.PegaTest.LoginPageTest" tests="3" failures="0" timestamp="2020-07-14T11:34:59 IST" time="45.927" errors="0">
  <testcase name="VerifyLoginPageTitleTest" time="13.981" classname="Mccm.PegaTest.LoginPageTest"/>
  <system-out/>
  <testcase name="VerifyPegaLogoTest" time="7.050" classname="Mccm.PegaTest.LoginPageTest"/>
  <system-out/>
  <testcase name="VerifyLoginSuccessfulTest" time="24.896" classname="Mccm.PegaTest.LoginPageTest"/>
  <system-out/>
</testsuite> <!-- Mccm.PegaTest.LoginPageTest -->
