<?xml version="1.0" encoding="UTF-8"?>
<!-- Generated by org.testng.reporters.JUnitReportReporter -->
<testsuite skipped="0" hostname="INSGH045PMS0" name="DemoEtEFlow.InOutbound.PageMrktEtoEFlowTest2333" tests="1" failures="0" timestamp="2020-08-06T11:57:47 IST" time="290.033" errors="0">
  <testcase name="NBABatchCampaignSuccessfull" time="290.033" classname="DemoEtEFlow.InOutbound.PageMrktEtoEFlowTest2333"/>
  <system-out/>
</testsuite> <!-- DemoEtEFlow.InOutbound.PageMrktEtoEFlowTest2333 -->
