<?xml version="1.0" encoding="UTF-8"?>
<!-- Generated by org.testng.reporters.JUnitReportReporter -->
<testsuite skipped="0" hostname="INSGH045PMS0" name="Demo.APIRestful.RestAPIGetCall" tests="2" failures="0" timestamp="2020-08-18T19:35:12 IST" time="4.777" errors="0">
  <testcase name="VerifyRESTAPIGETRequestResponseStatusCodeChkSuccessfully" time="3.605" classname="Demo.APIRestful.RestAPIGetCall"/>
  <system-out/>
  <testcase name="VerifyRESTAPIGETRequestResponseMessageSuccessfully" time="1.172" classname="Demo.APIRestful.RestAPIGetCall"/>
  <system-out/>
</testsuite> <!-- Demo.APIRestful.RestAPIGetCall -->
