<?xml version="1.0" encoding="UTF-8"?>
<!-- Generated by org.testng.reporters.JUnitReportReporter -->
<testsuite skipped="0" hostname="INSGH045PMS0" name="Mccm.PegaTest.DatabaseLoad" tests="1" failures="0" timestamp="2020-06-09T14:46:21 IST" time="1.038" errors="0">
  <testcase name="VerifyDatabaseLoad" time="1.038" classname="Mccm.PegaTest.DatabaseLoad"/>
  <system-out/>
</testsuite> <!-- Mccm.PegaTest.DatabaseLoad -->
