<?xml version="1.0" encoding="UTF-8"?>
<!-- Generated by org.testng.reporters.JUnitReportReporter -->
<testsuite skipped="0" hostname="INSGH045PMS0" name="Demo.DBquery.DB2ScaleQuery" tests="1" failures="0" timestamp="2020-08-26T17:21:40 IST" time="6.902" errors="0">
  <testcase name="Verify2ScaleDBupdatedSuccessfully" time="6.902" classname="Demo.DBquery.DB2ScaleQuery"/>
  <system-out/>
</testsuite> <!-- Demo.DBquery.DB2ScaleQuery -->
